0 info it worked if it ends with ok
1 verbose cli [ '/usr/bin/nodejs', '/usr/bin/npm', 'adduser' ]
2 info using npm@2.15.9
3 info using node@v4.6.0
4 verbose stack Error: canceled
4 verbose stack     at Interface.<anonymous> (/usr/lib/node_modules/npm/node_modules/read/lib/read.js:66:13)
4 verbose stack     at emitNone (events.js:67:13)
4 verbose stack     at Interface.emit (events.js:166:7)
4 verbose stack     at Interface._ttyWrite (readline.js:692:16)
4 verbose stack     at ReadStream.onkeypress (readline.js:107:10)
4 verbose stack     at emitTwo (events.js:87:13)
4 verbose stack     at ReadStream.emit (events.js:172:7)
4 verbose stack     at emitKeys (readline.js:1261:14)
4 verbose stack     at next (native)
4 verbose stack     at ReadStream.onData (readline.js:924:36)
5 verbose cwd /home/user/Desktop/workspace/import-csv
6 error Linux 4.4.0-38-generic
7 error argv "/usr/bin/nodejs" "/usr/bin/npm" "adduser"
8 error node v4.6.0
9 error npm  v2.15.9
10 error canceled
11 error If you need help, you may report this error at:
11 error     <https://github.com/npm/npm/issues>
12 verbose exit [ 1, true ]
